<?xml version="1.0" encoding="UTF-8"?>
<!-- Generated by org.testng.reporters.JUnitReportReporter -->
<testsuite skipped="0" hostname="delksah168562" name="galen.LastStandGalen.SamplePage" tests="3" failures="0" timestamp="07 Jul 2017 06:31:05 GMT" time="167.834" errors="0">
  <testcase name="YasHomePageUIOnMobile" time="50.031" classname="galen.LastStandGalen.SamplePage"/>
  <testcase name="YasHomePageUIOnTablet" time="43.098" classname="galen.LastStandGalen.SamplePage"/>
  <testcase name="YasHomePageUIOnDesktop" time="74.705" classname="galen.LastStandGalen.SamplePage"/>
</testsuite> <!-- galen.LastStandGalen.SamplePage -->
